[2020-11-21 17:41:53] production.ERROR: Target [Modules\User\Contracts\Authentication] is not instantiable while building [Modules\User\Http\Controllers\Admin\AuthController]. {"exception":"[object] (Illuminate\\Contracts\\Container\\BindingResolutionException(code: 0): Target [Modules\\User\\Contracts\\Authentication] is not instantiable while building [Modules\\User\\Http\\Controllers\\Admin\\AuthController]. at F:\\Laravel-Projects\\FleetCart\\vendor\\laravel\\framework\\src\\Illuminate\\Container\\Container.php:1013)
[stacktrace]
#0 F:\\Laravel-Projects\\FleetCart\\vendor\\laravel\\framework\\src\\Illuminate\\Container\\Container.php(814): Illuminate\\Container\\Container->notInstantiable('Modules\\\\User\\\\Co...')
#1 F:\\Laravel-Projects\\FleetCart\\vendor\\laravel\\framework\\src\\Illuminate\\Container\\Container.php(687): Illuminate\\Container\\Container->build('Modules\\\\User\\\\Co...')
#2 F:\\Laravel-Projects\\FleetCart\\vendor\\laravel\\framework\\src\\Illuminate\\Foundation\\Application.php(796): Illuminate\\Container\\Container->resolve('Modules\\\\User\\\\Co...', Array, true)
#3 F:\\Laravel-Projects\\FleetCart\\vendor\\laravel\\framework\\src\\Illuminate\\Container\\Container.php(633): Illuminate\\Foundation\\Application->resolve('Modules\\\\User\\\\Co...', Array)
#4 F:\\Laravel-Projects\\FleetCart\\vendor\\laravel\\framework\\src\\Illuminate\\Foundation\\Application.php(781): Illuminate\\Container\\Container->make('Modules\\\\User\\\\Co...', Array)
#5 F:\\Laravel-Projects\\FleetCart\\vendor\\laravel\\framework\\src\\Illuminate\\Container\\Container.php(955): Illuminate\\Foundation\\Application->make('Modules\\\\User\\\\Co...')
#6 F:\\Laravel-Projects\\FleetCart\\vendor\\laravel\\framework\\src\\Illuminate\\Container\\Container.php(875): Illuminate\\Container\\Container->resolveClass(Object(ReflectionParameter))
#7 F:\\Laravel-Projects\\FleetCart\\vendor\\laravel\\framework\\src\\Illuminate\\Container\\Container.php(836): Illuminate\\Container\\Container->resolveDependencies(Array)
#8 F:\\Laravel-Projects\\FleetCart\\vendor\\laravel\\framework\\src\\Illuminate\\Container\\Container.php(687): Illuminate\\Container\\Container->build('Modules\\\\User\\\\Ht...')
#9 F:\\Laravel-Projects\\FleetCart\\vendor\\laravel\\framework\\src\\Illuminate\\Foundation\\Application.php(796): Illuminate\\Container\\Container->resolve('Modules\\\\User\\\\Ht...', Array, true)
#10 F:\\Laravel-Projects\\FleetCart\\vendor\\laravel\\framework\\src\\Illuminate\\Container\\Container.php(633): Illuminate\\Foundation\\Application->resolve('Modules\\\\User\\\\Ht...', Array)
#11 F:\\Laravel-Projects\\FleetCart\\vendor\\laravel\\framework\\src\\Illuminate\\Foundation\\Application.php(781): Illuminate\\Container\\Container->make('Modules\\\\User\\\\Ht...', Array)
#12 F:\\Laravel-Projects\\FleetCart\\vendor\\laravel\\framework\\src\\Illuminate\\Routing\\Route.php(253): Illuminate\\Foundation\\Application->make('Modules\\\\User\\\\Ht...')
#13 F:\\Laravel-Projects\\FleetCart\\vendor\\laravel\\framework\\src\\Illuminate\\Routing\\Route.php(960): Illuminate\\Routing\\Route->getController()
#14 F:\\Laravel-Projects\\FleetCart\\vendor\\laravel\\framework\\src\\Illuminate\\Routing\\Route.php(921): Illuminate\\Routing\\Route->controllerMiddleware()
#15 F:\\Laravel-Projects\\FleetCart\\vendor\\laravel\\framework\\src\\Illuminate\\Routing\\Router.php(702): Illuminate\\Routing\\Route->gatherMiddleware()
#16 F:\\Laravel-Projects\\FleetCart\\vendor\\laravel\\framework\\src\\Illuminate\\Foundation\\Console\\RouteListCommand.php(173): Illuminate\\Routing\\Router->gatherRouteMiddleware(Object(Illuminate\\Routing\\Route))
#17 F:\\Laravel-Projects\\FleetCart\\vendor\\laravel\\framework\\src\\Illuminate\\Foundation\\Console\\RouteListCommand.php(117): Illuminate\\Foundation\\Console\\RouteListCommand->getMiddleware(Object(Illuminate\\Routing\\Route))
#18 F:\\Laravel-Projects\\FleetCart\\vendor\\laravel\\framework\\src\\Illuminate\\Foundation\\Console\\RouteListCommand.php(89): Illuminate\\Foundation\\Console\\RouteListCommand->getRouteInformation(Object(Illuminate\\Routing\\Route))
#19 [internal function]: Illuminate\\Foundation\\Console\\RouteListCommand->Illuminate\\Foundation\\Console\\{closure}(Object(Illuminate\\Routing\\Route), 177)
#20 F:\\Laravel-Projects\\FleetCart\\vendor\\laravel\\framework\\src\\Illuminate\\Support\\Collection.php(638): array_map(Object(Closure), Array, Array)
#21 F:\\Laravel-Projects\\FleetCart\\vendor\\laravel\\framework\\src\\Illuminate\\Foundation\\Console\\RouteListCommand.php(90): Illuminate\\Support\\Collection->map(Object(Closure))
#22 F:\\Laravel-Projects\\FleetCart\\vendor\\laravel\\framework\\src\\Illuminate\\Foundation\\Console\\RouteListCommand.php(74): Illuminate\\Foundation\\Console\\RouteListCommand->getRoutes()
#23 [internal function]: Illuminate\\Foundation\\Console\\RouteListCommand->handle()
#24 F:\\Laravel-Projects\\FleetCart\\vendor\\laravel\\framework\\src\\Illuminate\\Container\\BoundMethod.php(33): call_user_func_array(Array, Array)
#25 F:\\Laravel-Projects\\FleetCart\\vendor\\laravel\\framework\\src\\Illuminate\\Container\\Util.php(36): Illuminate\\Container\\BoundMethod::Illuminate\\Container\\{closure}()
#26 F:\\Laravel-Projects\\FleetCart\\vendor\\laravel\\framework\\src\\Illuminate\\Container\\BoundMethod.php(91): Illuminate\\Container\\Util::unwrapIfClosure(Object(Closure))
#27 F:\\Laravel-Projects\\FleetCart\\vendor\\laravel\\framework\\src\\Illuminate\\Container\\BoundMethod.php(35): Illuminate\\Container\\BoundMethod::callBoundMethod(Object(Illuminate\\Foundation\\Application), Array, Object(Closure))
#28 F:\\Laravel-Projects\\FleetCart\\vendor\\laravel\\framework\\src\\Illuminate\\Container\\Container.php(592): Illuminate\\Container\\BoundMethod::call(Object(Illuminate\\Foundation\\Application), Array, Array, NULL)
#29 F:\\Laravel-Projects\\FleetCart\\vendor\\laravel\\framework\\src\\Illuminate\\Console\\Command.php(134): Illuminate\\Container\\Container->call(Array)
#30 F:\\Laravel-Projects\\FleetCart\\vendor\\symfony\\console\\Command\\Command.php(258): Illuminate\\Console\\Command->execute(Object(Symfony\\Component\\Console\\Input\\ArgvInput), Object(Illuminate\\Console\\OutputStyle))
#31 F:\\Laravel-Projects\\FleetCart\\vendor\\laravel\\framework\\src\\Illuminate\\Console\\Command.php(121): Symfony\\Component\\Console\\Command\\Command->run(Object(Symfony\\Component\\Console\\Input\\ArgvInput), Object(Illuminate\\Console\\OutputStyle))
#32 F:\\Laravel-Projects\\FleetCart\\vendor\\symfony\\console\\Application.php(911): Illuminate\\Console\\Command->run(Object(Symfony\\Component\\Console\\Input\\ArgvInput), Object(Symfony\\Component\\Console\\Output\\ConsoleOutput))
#33 F:\\Laravel-Projects\\FleetCart\\vendor\\symfony\\console\\Application.php(264): Symfony\\Component\\Console\\Application->doRunCommand(Object(Illuminate\\Foundation\\Console\\RouteListCommand), Object(Symfony\\Component\\Console\\Input\\ArgvInput), Object(Symfony\\Component\\Console\\Output\\ConsoleOutput))
#34 F:\\Laravel-Projects\\FleetCart\\vendor\\symfony\\console\\Application.php(140): Symfony\\Component\\Console\\Application->doRun(Object(Symfony\\Component\\Console\\Input\\ArgvInput), Object(Symfony\\Component\\Console\\Output\\ConsoleOutput))
#35 F:\\Laravel-Projects\\FleetCart\\vendor\\laravel\\framework\\src\\Illuminate\\Console\\Application.php(93): Symfony\\Component\\Console\\Application->run(Object(Symfony\\Component\\Console\\Input\\ArgvInput), Object(Symfony\\Component\\Console\\Output\\ConsoleOutput))
#36 F:\\Laravel-Projects\\FleetCart\\vendor\\laravel\\framework\\src\\Illuminate\\Foundation\\Console\\Kernel.php(129): Illuminate\\Console\\Application->run(Object(Symfony\\Component\\Console\\Input\\ArgvInput), Object(Symfony\\Component\\Console\\Output\\ConsoleOutput))
#37 F:\\Laravel-Projects\\FleetCart\\artisan(37): Illuminate\\Foundation\\Console\\Kernel->handle(Object(Symfony\\Component\\Console\\Input\\ArgvInput), Object(Symfony\\Component\\Console\\Output\\ConsoleOutput))
#38 {main}
"} 
